INFO:root:Starting script...
INFO:root:REPORT_DATE_FOLDER: ./report_date\2023-10-01
INFO:root:PLACEHOLDER_FOLDER: ./placeholder
INFO:root:Created file: CINS_CARD_CREDIT_LOAN_6M.sql_20231001.sql
INFO:root:Created file: CINS_CARD_DIM.sql_20231001.sql
INFO:root:Created file: CINS_CREDIT_CARD_TRANSACTION.sql_20231001.sql
INFO:root:Created file: CINS_CUSTOMER.sql_20231001.sql
INFO:root:Created file: CINS_CUSTOMER_STATUS.sql_20231001.sql
INFO:root:Created file: CINS_DATA_RPT_CARD_.sql_20231001.sql
INFO:root:Created file: CINS_DATA_RPT_LOAN_.sql_20231001.sql
INFO:root:Created file: CINS_EB_MB_CROSSELL.sql_20231001.sql
INFO:root:Created file: CINS_POS_MERCHANT_6M.sql_20231001.sql
INFO:root:Created file: CINS_POS_MERCHANT_AMT_6M.sql_20231001.sql
INFO:root:Created file: CINS_POS_TERMINAL_6M.sql_20231001.sql
INFO:root:Created file: CINS_POS_TERMINAL_AMT_6M.sql_20231001.sql
INFO:root:Script completed.
INFO:root:Starting script...
INFO:root:REPORT_DATE_FOLDER: ./report_date\2023-10-01
INFO:root:PLACEHOLDER_FOLDER: ./placeholder
INFO:root:Created file: CINS_CARD_CREDIT_LOAN_6M_20231001.sql
INFO:root:Created file: CINS_CARD_DIM_20231001.sql
INFO:root:Created file: CINS_CREDIT_CARD_TRANSACTION_20231001.sql
INFO:root:Created file: CINS_CUSTOMER_20231001.sql
INFO:root:Created file: CINS_CUSTOMER_STATUS_20231001.sql
INFO:root:Created file: CINS_DATA_RPT_CARD__20231001.sql
INFO:root:Created file: CINS_DATA_RPT_LOAN__20231001.sql
INFO:root:Created file: CINS_EB_MB_CROSSELL_20231001.sql
INFO:root:Created file: CINS_POS_MERCHANT_6M_20231001.sql
INFO:root:Created file: CINS_POS_MERCHANT_AMT_6M_20231001.sql
INFO:root:Created file: CINS_POS_TERMINAL_6M_20231001.sql
INFO:root:Created file: CINS_POS_TERMINAL_AMT_6M_20231001.sql
INFO:root:Script completed.
INFO:root:Starting script...
INFO:root:REPORT_DATE_FOLDER: ./report_date\2023-10-01
INFO:root:PLACEHOLDER_FOLDER: ./placeholder
INFO:root:Created file: CINS_CARD_CREDIT_LOAN_6M_20231001.sql
INFO:root:Created file: CINS_CARD_DIM_20231001.sql
INFO:root:Created file: CINS_CREDIT_CARD_TRANSACTION_20231001.sql
INFO:root:Created file: CINS_CUSTOMER_20231001.sql
INFO:root:Created file: CINS_CUSTOMER_STATUS_20231001.sql
INFO:root:Created file: CINS_DATA_RPT_CARD__20231001.sql
INFO:root:Created file: CINS_DATA_RPT_LOAN__20231001.sql
INFO:root:Created file: CINS_EB_MB_CROSSELL_20231001.sql
INFO:root:Created file: CINS_POS_MERCHANT_6M_20231001.sql
INFO:root:Created file: CINS_POS_MERCHANT_AMT_6M_20231001.sql
INFO:root:Created file: CINS_POS_TERMINAL_6M_20231001.sql
INFO:root:Created file: CINS_POS_TERMINAL_AMT_6M_20231001.sql
INFO:root:Script completed.
